2026-04-04 17:11:08 [main] INFO  com.provilac.base.BaseClass - Test case suite started 
2026-04-04 17:11:09 [main] INFO  com.provilac.base.BaseClass - Initializing browser with name :- chrome
2026-04-04 17:11:13 [main] INFO  com.provilac.base.BaseClass - lunching an application
2026-04-04 17:11:21 [main] INFO  com.provilac.base.BaseClass - chrome browser initialized successfully
2026-04-04 17:11:21 [main] INFO  com.provilac.base.BaseClass - Test case execution started verify_provilacLogo
2026-04-04 17:11:21 [main] INFO  com.provilac.base.BaseClass - Test case is pass verify_provilacLogo
2026-04-04 17:11:22 [main] INFO  com.provilac.base.BaseClass - Initializing browser with name :- chrome
2026-04-04 17:11:24 [main] INFO  com.provilac.base.BaseClass - lunching an application
2026-04-04 17:12:00 [main] INFO  com.provilac.base.BaseClass - chrome browser initialized successfully
2026-04-04 17:12:00 [main] INFO  com.provilac.base.BaseClass - Test case execution started verify_checkNavItem
2026-04-04 17:12:01 [main] DEBUG org.apache.poi.openxml4j.opc.PackageRelationshipCollection - Parsing relationship: /xl/_rels/workbook.xml.rels
2026-04-04 17:12:01 [main] DEBUG org.apache.poi.openxml4j.opc.PackageRelationshipCollection - Parsing relationship: /xl/worksheets/_rels/sheet1.xml.rels
2026-04-04 17:12:01 [main] DEBUG org.apache.poi.openxml4j.opc.PackageRelationshipCollection - Parsing relationship: /xl/worksheets/_rels/sheet2.xml.rels
2026-04-04 17:12:01 [main] DEBUG org.apache.poi.openxml4j.opc.PackageRelationshipCollection - Parsing relationship: /_rels/.rels
2026-04-04 17:12:02 [main] DEBUG org.apache.poi.ooxml.POIXMLFactory - using default POIXMLDocumentPart for http://schemas.openxmlformats.org/officeDocument/2006/relationships/printerSettings
2026-04-04 17:12:02 [main] DEBUG org.apache.poi.ooxml.POIXMLFactory - using default POIXMLDocumentPart for http://schemas.openxmlformats.org/officeDocument/2006/relationships/printerSettings
2026-04-04 17:12:02 [main] DEBUG org.apache.poi.openxml4j.opc.PackageRelationshipCollection - Parsing relationship: /xl/_rels/workbook.xml.rels
2026-04-04 17:12:02 [main] DEBUG org.apache.poi.openxml4j.opc.PackageRelationshipCollection - Parsing relationship: /xl/worksheets/_rels/sheet1.xml.rels
2026-04-04 17:12:02 [main] DEBUG org.apache.poi.openxml4j.opc.PackageRelationshipCollection - Parsing relationship: /xl/worksheets/_rels/sheet2.xml.rels
2026-04-04 17:12:02 [main] DEBUG org.apache.poi.openxml4j.opc.PackageRelationshipCollection - Parsing relationship: /_rels/.rels
2026-04-04 17:12:02 [main] DEBUG org.apache.poi.ooxml.POIXMLFactory - using default POIXMLDocumentPart for http://schemas.openxmlformats.org/officeDocument/2006/relationships/printerSettings
2026-04-04 17:12:02 [main] DEBUG org.apache.poi.ooxml.POIXMLFactory - using default POIXMLDocumentPart for http://schemas.openxmlformats.org/officeDocument/2006/relationships/printerSettings
2026-04-04 17:12:02 [main] DEBUG org.apache.poi.openxml4j.opc.PackageRelationshipCollection - Parsing relationship: /xl/_rels/workbook.xml.rels
2026-04-04 17:12:02 [main] DEBUG org.apache.poi.openxml4j.opc.PackageRelationshipCollection - Parsing relationship: /xl/worksheets/_rels/sheet1.xml.rels
2026-04-04 17:12:02 [main] DEBUG org.apache.poi.openxml4j.opc.PackageRelationshipCollection - Parsing relationship: /xl/worksheets/_rels/sheet2.xml.rels
2026-04-04 17:12:02 [main] DEBUG org.apache.poi.openxml4j.opc.PackageRelationshipCollection - Parsing relationship: /_rels/.rels
2026-04-04 17:12:02 [main] DEBUG org.apache.poi.ooxml.POIXMLFactory - using default POIXMLDocumentPart for http://schemas.openxmlformats.org/officeDocument/2006/relationships/printerSettings
2026-04-04 17:12:02 [main] DEBUG org.apache.poi.ooxml.POIXMLFactory - using default POIXMLDocumentPart for http://schemas.openxmlformats.org/officeDocument/2006/relationships/printerSettings
2026-04-04 17:12:02 [main] DEBUG org.apache.poi.openxml4j.opc.PackageRelationshipCollection - Parsing relationship: /xl/_rels/workbook.xml.rels
2026-04-04 17:12:02 [main] DEBUG org.apache.poi.openxml4j.opc.PackageRelationshipCollection - Parsing relationship: /xl/worksheets/_rels/sheet1.xml.rels
2026-04-04 17:12:02 [main] DEBUG org.apache.poi.openxml4j.opc.PackageRelationshipCollection - Parsing relationship: /xl/worksheets/_rels/sheet2.xml.rels
2026-04-04 17:12:02 [main] DEBUG org.apache.poi.openxml4j.opc.PackageRelationshipCollection - Parsing relationship: /_rels/.rels
2026-04-04 17:12:02 [main] DEBUG org.apache.poi.ooxml.POIXMLFactory - using default POIXMLDocumentPart for http://schemas.openxmlformats.org/officeDocument/2006/relationships/printerSettings
2026-04-04 17:12:02 [main] DEBUG org.apache.poi.ooxml.POIXMLFactory - using default POIXMLDocumentPart for http://schemas.openxmlformats.org/officeDocument/2006/relationships/printerSettings
2026-04-04 17:12:03 [main] INFO  com.provilac.base.BaseClass - Test case is pass verify_checkNavItem
2026-04-04 17:12:03 [main] INFO  com.provilac.base.BaseClass - Initializing browser with name :- chrome
2026-04-04 17:12:06 [main] INFO  com.provilac.base.BaseClass - lunching an application
2026-04-04 17:12:26 [main] INFO  com.provilac.base.BaseClass - chrome browser initialized successfully
2026-04-04 17:12:26 [main] INFO  com.provilac.base.BaseClass - Test case execution started verify_checkAllCitiesName
2026-04-04 17:12:26 [main] DEBUG org.apache.poi.openxml4j.opc.PackageRelationshipCollection - Parsing relationship: /xl/_rels/workbook.xml.rels
2026-04-04 17:12:26 [main] DEBUG org.apache.poi.openxml4j.opc.PackageRelationshipCollection - Parsing relationship: /xl/worksheets/_rels/sheet1.xml.rels
2026-04-04 17:12:26 [main] DEBUG org.apache.poi.openxml4j.opc.PackageRelationshipCollection - Parsing relationship: /xl/worksheets/_rels/sheet2.xml.rels
2026-04-04 17:12:26 [main] DEBUG org.apache.poi.openxml4j.opc.PackageRelationshipCollection - Parsing relationship: /_rels/.rels
2026-04-04 17:12:26 [main] DEBUG org.apache.poi.ooxml.POIXMLFactory - using default POIXMLDocumentPart for http://schemas.openxmlformats.org/officeDocument/2006/relationships/printerSettings
2026-04-04 17:12:26 [main] DEBUG org.apache.poi.ooxml.POIXMLFactory - using default POIXMLDocumentPart for http://schemas.openxmlformats.org/officeDocument/2006/relationships/printerSettings
2026-04-04 17:12:26 [main] DEBUG org.apache.poi.openxml4j.opc.PackageRelationshipCollection - Parsing relationship: /xl/_rels/workbook.xml.rels
2026-04-04 17:12:26 [main] DEBUG org.apache.poi.openxml4j.opc.PackageRelationshipCollection - Parsing relationship: /xl/worksheets/_rels/sheet1.xml.rels
2026-04-04 17:12:26 [main] DEBUG org.apache.poi.openxml4j.opc.PackageRelationshipCollection - Parsing relationship: /xl/worksheets/_rels/sheet2.xml.rels
2026-04-04 17:12:26 [main] DEBUG org.apache.poi.openxml4j.opc.PackageRelationshipCollection - Parsing relationship: /_rels/.rels
2026-04-04 17:12:26 [main] DEBUG org.apache.poi.ooxml.POIXMLFactory - using default POIXMLDocumentPart for http://schemas.openxmlformats.org/officeDocument/2006/relationships/printerSettings
2026-04-04 17:12:26 [main] DEBUG org.apache.poi.ooxml.POIXMLFactory - using default POIXMLDocumentPart for http://schemas.openxmlformats.org/officeDocument/2006/relationships/printerSettings
2026-04-04 17:12:26 [main] DEBUG org.apache.poi.openxml4j.opc.PackageRelationshipCollection - Parsing relationship: /xl/_rels/workbook.xml.rels
2026-04-04 17:12:26 [main] DEBUG org.apache.poi.openxml4j.opc.PackageRelationshipCollection - Parsing relationship: /xl/worksheets/_rels/sheet1.xml.rels
2026-04-04 17:12:26 [main] DEBUG org.apache.poi.openxml4j.opc.PackageRelationshipCollection - Parsing relationship: /xl/worksheets/_rels/sheet2.xml.rels
2026-04-04 17:12:26 [main] DEBUG org.apache.poi.openxml4j.opc.PackageRelationshipCollection - Parsing relationship: /_rels/.rels
2026-04-04 17:12:26 [main] DEBUG org.apache.poi.ooxml.POIXMLFactory - using default POIXMLDocumentPart for http://schemas.openxmlformats.org/officeDocument/2006/relationships/printerSettings
2026-04-04 17:12:26 [main] DEBUG org.apache.poi.ooxml.POIXMLFactory - using default POIXMLDocumentPart for http://schemas.openxmlformats.org/officeDocument/2006/relationships/printerSettings
2026-04-04 17:12:26 [main] DEBUG org.apache.poi.openxml4j.opc.PackageRelationshipCollection - Parsing relationship: /xl/_rels/workbook.xml.rels
2026-04-04 17:12:26 [main] DEBUG org.apache.poi.openxml4j.opc.PackageRelationshipCollection - Parsing relationship: /xl/worksheets/_rels/sheet1.xml.rels
2026-04-04 17:12:26 [main] DEBUG org.apache.poi.openxml4j.opc.PackageRelationshipCollection - Parsing relationship: /xl/worksheets/_rels/sheet2.xml.rels
2026-04-04 17:12:26 [main] DEBUG org.apache.poi.openxml4j.opc.PackageRelationshipCollection - Parsing relationship: /_rels/.rels
2026-04-04 17:12:27 [main] DEBUG org.apache.poi.ooxml.POIXMLFactory - using default POIXMLDocumentPart for http://schemas.openxmlformats.org/officeDocument/2006/relationships/printerSettings
2026-04-04 17:12:27 [main] DEBUG org.apache.poi.ooxml.POIXMLFactory - using default POIXMLDocumentPart for http://schemas.openxmlformats.org/officeDocument/2006/relationships/printerSettings
2026-04-04 17:12:27 [main] DEBUG org.apache.poi.openxml4j.opc.PackageRelationshipCollection - Parsing relationship: /xl/_rels/workbook.xml.rels
2026-04-04 17:12:27 [main] DEBUG org.apache.poi.openxml4j.opc.PackageRelationshipCollection - Parsing relationship: /xl/worksheets/_rels/sheet1.xml.rels
2026-04-04 17:12:27 [main] DEBUG org.apache.poi.openxml4j.opc.PackageRelationshipCollection - Parsing relationship: /xl/worksheets/_rels/sheet2.xml.rels
2026-04-04 17:12:27 [main] DEBUG org.apache.poi.openxml4j.opc.PackageRelationshipCollection - Parsing relationship: /_rels/.rels
2026-04-04 17:12:27 [main] DEBUG org.apache.poi.ooxml.POIXMLFactory - using default POIXMLDocumentPart for http://schemas.openxmlformats.org/officeDocument/2006/relationships/printerSettings
2026-04-04 17:12:27 [main] DEBUG org.apache.poi.ooxml.POIXMLFactory - using default POIXMLDocumentPart for http://schemas.openxmlformats.org/officeDocument/2006/relationships/printerSettings
2026-04-04 17:12:27 [main] DEBUG org.apache.poi.openxml4j.opc.PackageRelationshipCollection - Parsing relationship: /xl/_rels/workbook.xml.rels
2026-04-04 17:12:27 [main] DEBUG org.apache.poi.openxml4j.opc.PackageRelationshipCollection - Parsing relationship: /xl/worksheets/_rels/sheet1.xml.rels
2026-04-04 17:12:27 [main] DEBUG org.apache.poi.openxml4j.opc.PackageRelationshipCollection - Parsing relationship: /xl/worksheets/_rels/sheet2.xml.rels
2026-04-04 17:12:27 [main] DEBUG org.apache.poi.openxml4j.opc.PackageRelationshipCollection - Parsing relationship: /_rels/.rels
2026-04-04 17:12:27 [main] DEBUG org.apache.poi.ooxml.POIXMLFactory - using default POIXMLDocumentPart for http://schemas.openxmlformats.org/officeDocument/2006/relationships/printerSettings
2026-04-04 17:12:27 [main] DEBUG org.apache.poi.ooxml.POIXMLFactory - using default POIXMLDocumentPart for http://schemas.openxmlformats.org/officeDocument/2006/relationships/printerSettings
2026-04-04 17:12:27 [main] INFO  com.provilac.base.BaseClass - Test case is pass verify_checkAllCitiesName
2026-04-04 17:12:27 [main] INFO  com.provilac.base.BaseClass - Initializing browser with name :- chrome
2026-04-04 17:12:29 [main] INFO  com.provilac.base.BaseClass - lunching an application
2026-04-04 17:12:57 [main] INFO  com.provilac.base.BaseClass - chrome browser initialized successfully
2026-04-04 17:12:57 [main] INFO  com.provilac.base.BaseClass - Test case execution started verify_Click_Login_Button
2026-04-04 17:13:01 [main] INFO  com.provilac.base.BaseClass - Test case is pass verify_Click_Login_Button
2026-04-04 17:13:02 [main] INFO  com.provilac.base.BaseClass - Initializing browser with name :- chrome
2026-04-04 17:13:05 [main] INFO  com.provilac.base.BaseClass - lunching an application
2026-04-04 17:13:29 [main] INFO  com.provilac.base.BaseClass - chrome browser initialized successfully
2026-04-04 17:13:29 [main] INFO  com.provilac.base.BaseClass - Test case execution started verify_MoveToDropdown
2026-04-04 17:13:46 [main] INFO  com.provilac.base.BaseClass - Test case is pass verify_MoveToDropdown
2026-04-04 17:13:46 [main] DEBUG org.apache.poi.openxml4j.opc.PackageRelationshipCollection - Parsing relationship: /xl/_rels/workbook.xml.rels
2026-04-04 17:13:46 [main] DEBUG org.apache.poi.openxml4j.opc.PackageRelationshipCollection - Parsing relationship: /xl/worksheets/_rels/sheet1.xml.rels
2026-04-04 17:13:46 [main] DEBUG org.apache.poi.openxml4j.opc.PackageRelationshipCollection - Parsing relationship: /xl/worksheets/_rels/sheet2.xml.rels
2026-04-04 17:13:46 [main] DEBUG org.apache.poi.openxml4j.opc.PackageRelationshipCollection - Parsing relationship: /_rels/.rels
2026-04-04 17:13:46 [main] DEBUG org.apache.poi.ooxml.POIXMLFactory - using default POIXMLDocumentPart for http://schemas.openxmlformats.org/officeDocument/2006/relationships/printerSettings
2026-04-04 17:13:46 [main] DEBUG org.apache.poi.ooxml.POIXMLFactory - using default POIXMLDocumentPart for http://schemas.openxmlformats.org/officeDocument/2006/relationships/printerSettings
2026-04-04 17:13:46 [main] DEBUG org.apache.poi.openxml4j.opc.ZipPackage - Save content types part
2026-04-04 17:13:46 [main] DEBUG org.apache.poi.openxml4j.opc.ZipPackage - Save package relationships
2026-04-04 17:13:46 [main] DEBUG org.apache.poi.openxml4j.opc.ZipPackage - Save part 'docProps/app.xml'
2026-04-04 17:13:46 [main] DEBUG org.apache.poi.openxml4j.opc.ZipPackage - Save part 'docProps/core.xml'
2026-04-04 17:13:46 [main] DEBUG org.apache.poi.openxml4j.opc.ZipPackage - Save part 'docProps/thumbnail.wmf'
2026-04-04 17:13:46 [main] DEBUG org.apache.poi.openxml4j.opc.ZipPackage - Save part 'xl/printerSettings/printerSettings1.bin'
2026-04-04 17:13:46 [main] DEBUG org.apache.poi.openxml4j.opc.ZipPackage - Save part 'xl/printerSettings/printerSettings2.bin'
2026-04-04 17:13:46 [main] DEBUG org.apache.poi.openxml4j.opc.ZipPackage - Save part 'xl/sharedStrings.xml'
2026-04-04 17:13:46 [main] DEBUG org.apache.poi.openxml4j.opc.ZipPackage - Save part 'xl/styles.xml'
2026-04-04 17:13:46 [main] DEBUG org.apache.poi.openxml4j.opc.ZipPackage - Save part 'xl/theme/theme1.xml'
2026-04-04 17:13:46 [main] DEBUG org.apache.poi.openxml4j.opc.ZipPackage - Save part 'xl/workbook.xml'
2026-04-04 17:13:46 [main] DEBUG org.apache.poi.openxml4j.opc.ZipPackage - Save part 'xl/worksheets/sheet1.xml'
2026-04-04 17:13:46 [main] DEBUG org.apache.poi.openxml4j.opc.ZipPackage - Save part 'xl/worksheets/sheet2.xml'
2026-04-04 17:13:47 [main] INFO  com.provilac.base.BaseClass - Initializing browser with name :- chrome
2026-04-04 17:13:49 [main] INFO  com.provilac.base.BaseClass - lunching an application
2026-04-04 17:14:16 [main] INFO  com.provilac.base.BaseClass - chrome browser initialized successfully
2026-04-04 17:14:16 [main] INFO  com.provilac.base.BaseClass - Test case execution started verify_mobile
2026-04-04 17:14:28 [main] INFO  com.provilac.base.BaseClass - Test case failed verify_mobile
2026-04-04 17:14:28 [main] INFO  com.provilac.base.BaseClass - Initializing browser with name :- chrome
2026-04-04 17:14:30 [main] INFO  com.provilac.base.BaseClass - lunching an application
2026-04-04 17:14:58 [main] INFO  com.provilac.base.BaseClass - chrome browser initialized successfully
2026-04-04 17:14:58 [main] INFO  com.provilac.base.BaseClass - Test case execution started verify_mobile
2026-04-04 17:15:00 [main] INFO  com.provilac.base.BaseClass - Test case is pass verify_mobile
2026-04-04 17:15:01 [main] INFO  com.provilac.base.BaseClass - Initializing browser with name :- chrome
2026-04-04 17:15:03 [main] INFO  com.provilac.base.BaseClass - lunching an application
2026-04-04 17:15:09 [main] INFO  com.provilac.base.BaseClass - chrome browser initialized successfully
2026-04-04 17:15:09 [main] INFO  com.provilac.base.BaseClass - Test case execution started verify_Invalid_OTP
2026-04-04 17:15:15 [main] INFO  com.provilac.base.BaseClass - Test case failed verify_Invalid_OTP
2026-04-04 17:15:16 [main] INFO  com.provilac.base.BaseClass - Initializing browser with name :- chrome
2026-04-04 17:15:19 [main] INFO  com.provilac.base.BaseClass - lunching an application
2026-04-04 17:15:44 [main] INFO  com.provilac.base.BaseClass - chrome browser initialized successfully
2026-04-04 17:15:44 [main] INFO  com.provilac.base.BaseClass - Test case execution started verify_validOTP
2026-04-04 17:15:59 [main] INFO  com.provilac.base.BaseClass - Test case is pass verify_validOTP
2026-04-04 17:16:00 [main] INFO  com.provilac.base.BaseClass - Initializing browser with name :- chrome
2026-04-04 17:16:01 [main] INFO  com.provilac.base.BaseClass - lunching an application
2026-04-04 17:16:06 [main] INFO  com.provilac.base.BaseClass - chrome browser initialized successfully
2026-04-04 17:16:06 [main] INFO  com.provilac.base.BaseClass - Test case execution started verify_referralCodeInputBoxIsEnable
2026-04-04 17:16:18 [main] INFO  com.provilac.base.BaseClass - Test case failed verify_referralCodeInputBoxIsEnable
2026-04-04 17:16:18 [main] INFO  com.provilac.base.BaseClass - Initializing browser with name :- chrome
2026-04-04 17:16:20 [main] INFO  com.provilac.base.BaseClass - lunching an application
2026-04-04 17:16:28 [main] INFO  com.provilac.base.BaseClass - chrome browser initialized successfully
2026-04-04 17:16:28 [main] INFO  com.provilac.base.BaseClass - Test case execution started verify_Privacy_Policy
2026-04-04 17:16:33 [main] INFO  com.provilac.base.BaseClass - Test case is pass verify_Privacy_Policy
2026-04-04 17:16:33 [main] INFO  com.provilac.base.BaseClass - Test case suite execution finish 
